c:\juce\projects\lpanner\builds\visualstudio2022\x64\release\shared code\include_juce_graphics_sheenbidi.obj
c:\juce\projects\lpanner\builds\visualstudio2022\x64\release\shared code\include_juce_core.obj
c:\juce\projects\lpanner\builds\visualstudio2022\x64\release\shared code\include_juce_graphics.obj
c:\juce\projects\lpanner\builds\visualstudio2022\x64\release\shared code\include_juce_audio_processors.obj
c:\juce\projects\lpanner\builds\visualstudio2022\x64\release\shared code\include_juce_gui_basics.obj
c:\juce\projects\lpanner\builds\visualstudio2022\x64\release\shared code\include_juce_audio_processors_ara.obj
c:\juce\projects\lpanner\builds\visualstudio2022\x64\release\shared code\include_juce_data_structures.obj
c:\juce\projects\lpanner\builds\visualstudio2022\x64\release\shared code\include_juce_audio_plugin_client_ara.obj
c:\juce\projects\lpanner\builds\visualstudio2022\x64\release\shared code\include_juce_audio_basics.obj
c:\juce\projects\lpanner\builds\visualstudio2022\x64\release\shared code\include_juce_audio_devices.obj
c:\juce\projects\lpanner\builds\visualstudio2022\x64\release\shared code\include_juce_dsp.obj
c:\juce\projects\lpanner\builds\visualstudio2022\x64\release\shared code\include_juce_audio_processors_lv2_libs.obj
c:\juce\projects\lpanner\builds\visualstudio2022\x64\release\shared code\include_juce_gui_extra.obj
c:\juce\projects\lpanner\builds\visualstudio2022\x64\release\shared code\plugineditor.obj
c:\juce\projects\lpanner\builds\visualstudio2022\x64\release\shared code\pluginprocessor.obj
c:\juce\projects\lpanner\builds\visualstudio2022\x64\release\shared code\include_juce_audio_utils.obj
c:\juce\projects\lpanner\builds\visualstudio2022\x64\release\shared code\include_juce_graphics_harfbuzz.obj
c:\juce\projects\lpanner\builds\visualstudio2022\x64\release\shared code\include_juce_audio_formats.obj
c:\juce\projects\lpanner\builds\visualstudio2022\x64\release\shared code\include_juce_events.obj
c:\juce\projects\lpanner\builds\visualstudio2022\x64\release\shared code\include_juce_core_compilationtime.obj
c:\juce\projects\lpanner\builds\visualstudio2022\x64\release\shared code\binarydata.obj
c:\juce\projects\lpanner\builds\visualstudio2022\x64\release\shared code\lpanner.lib
c:\juce\projects\lpanner\builds\visualstudio2022\x64\release\shared code\lpanner_.cd8b8202.tlog\cl.command.1.tlog
c:\juce\projects\lpanner\builds\visualstudio2022\x64\release\shared code\lpanner_.cd8b8202.tlog\cl.items.tlog
c:\juce\projects\lpanner\builds\visualstudio2022\x64\release\shared code\lpanner_.cd8b8202.tlog\cl.read.1.tlog
c:\juce\projects\lpanner\builds\visualstudio2022\x64\release\shared code\lpanner_.cd8b8202.tlog\cl.write.1.tlog
c:\juce\projects\lpanner\builds\visualstudio2022\x64\release\shared code\lpanner_.cd8b8202.tlog\lib-link.read.1.tlog
c:\juce\projects\lpanner\builds\visualstudio2022\x64\release\shared code\lpanner_.cd8b8202.tlog\lib-link.write.1.tlog
c:\juce\projects\lpanner\builds\visualstudio2022\x64\release\shared code\lpanner_.cd8b8202.tlog\lib.command.1.tlog
